Arguments: 
  /usr/local/Cellar/node/13.11.0/bin/node /usr/local/Cellar/yarn/1.22.4/libexec/bin/yarn.js

PATH: 
  /usr/local/bin:/usr/bin:/bin:/usr/sbin:/sbin

Yarn version: 
  1.22.4

Node version: 
  13.11.0

Platform: 
  darwin x64

Trace: 
  Error: ENOENT: no such file or directory, utime '/Users/surapongkawkangploo/Library/Caches/Yarn/v6/npm-html-webpack-plugin-4.0.0-beta.8-db1e0cb7aa89d23212cd87a8958566420002c24d/node_modules/html-webpack-plugin/examples/build-examples.js'

npm manifest: 
  {
    "name": "@basic-host-remote/app1",
    "version": "0.0.0",
    "private": true,
    "devDependencies": {
      "@babel/core": "7.9.6",
      "@babel/preset-react": "7.9.4",
      "babel-loader": "8.1.0",
      "html-webpack-plugin": "git://github.com/ScriptedAlchemy/html-webpack-plugin#master",
      "serve": "11.3.0",
      "webpack": "5.0.0-beta.16",
      "webpack-cli": "3.3.11",
      "webpack-dev-server": "3.11.0"
    },
    "scripts": {
      "start": "webpack-dev-server",
      "build": "webpack --mode production",
      "serve": "serve dist -p 3001",
      "clean": "rm -rf dist"
    },
    "dependencies": {
      "react": "^16.13.0",
      "react-dom": "^16.13.0"
    }
  }

yarn manifest: 
  No manifest

Lockfile: 
  No lockfile
